<?xml version="1.0" encoding="UTF-8"?>
<!-- Generated by org.testng.reporters.JUnitReportReporter -->
<testsuite hostname="15EG2036tu" failures="0" tests="1" name="restassured.tests.PUTRequest_Demo" time="2.110" errors="0" timestamp="2023-01-19T20:15:08 IST" skipped="0">
  <testcase classname="restassured.tests.PUTRequest_Demo" name="testupdateUser_Utils" time="2.110"/>
  <system-out/>
</testsuite> <!-- restassured.tests.PUTRequest_Demo -->
