<?xml version="1.0" encoding="UTF-8"?>
<!-- Generated by org.testng.reporters.JUnitReportReporter -->
<testsuite hostname="15EG2036tu" failures="0" tests="1" name="restassured.tests.POST_Request_Test" time="2.068" errors="0" timestamp="2023-01-19T16:38:43 IST" skipped="0">
  <testcase classname="restassured.tests.POST_Request_Test" name="testcreateUser_Utils" time="2.068"/>
  <system-out/>
</testsuite> <!-- restassured.tests.POST_Request_Test -->
