<?xml version="1.0" encoding="UTF-8"?>
<!-- Generated by org.testng.reporters.JUnitReportReporter -->
<testsuite hostname="15EG2036tu" failures="0" tests="1" name="restassured.tests.Delete_Test_Demo" time="1.980" errors="0" timestamp="2023-01-19T20:26:44 IST" skipped="0">
  <testcase classname="restassured.tests.Delete_Test_Demo" name="TestDeleteUser" time="1.980"/>
  <system-out/>
</testsuite> <!-- restassured.tests.Delete_Test_Demo -->
