<?xml version="1.0" encoding="UTF-8"?>
<!-- Generated by org.testng.reporters.JUnitReportReporter -->
<testsuite hostname="15EG2036tu" failures="0" tests="1" name="restassured.tests.GETRequest_Demo" time="2.567" errors="0" timestamp="2023-01-19T16:34:15 IST" skipped="0">
  <testcase classname="restassured.tests.GETRequest_Demo" name="getUserById" time="2.567"/>
  <system-out/>
</testsuite> <!-- restassured.tests.GETRequest_Demo -->
