<?xml version="1.0" encoding="UTF-8"?>
<!-- Generated by org.testng.reporters.JUnitReportReporter -->
<testsuite hostname="15EG2036tu" failures="0" tests="1" name="restassured.tests.PostRequest_Stringrequestbody" time="2.010" errors="0" timestamp="2023-01-18T23:24:57 IST" skipped="0">
  <testcase classname="restassured.tests.PostRequest_Stringrequestbody" name="createUser" time="2.010"/>
  <system-out/>
</testsuite> <!-- restassured.tests.PostRequest_Stringrequestbody -->
